[31-Oct-2018 03:26:04 UTC] PHP Parse error:  syntax error, unexpected '>' in /home/ubuntu/workspace/cst336/Labs/Lab2/inc/functions.php on line 43
[31-Oct-2018 03:26:04 UTC] PHP Stack trace:
[31-Oct-2018 03:26:04 UTC] PHP   1. {main}() /home/ubuntu/workspace/cst336/Labs/Lab2/index.php:0
[14-Nov-2018 09:20:21 UTC] PHP Fatal error:  Uncaught exception 'PDOException' with message 'SQLSTATE[HY093]: Invalid parameter number: number of bound variables does not match number of tokens' in /home/ubuntu/workspace/cst336/Labs/Lab5/index.php:61
Stack trace:
#0 /home/ubuntu/workspace/cst336/Labs/Lab5/index.php(61): PDOStatement->execute(Array)
#1 /home/ubuntu/workspace/cst336/Labs/Lab5/index.php(110): displaySearchResults()
#2 {main}
  thrown in /home/ubuntu/workspace/cst336/Labs/Lab5/index.php on line 61
[14-Nov-2018 09:21:34 UTC] PHP Fatal error:  Uncaught exception 'PDOException' with message 'SQLSTATE[HY093]: Invalid parameter number: number of bound variables does not match number of tokens' in /home/ubuntu/workspace/cst336/Labs/Lab5/index.php:61
Stack trace:
#0 /home/ubuntu/workspace/cst336/Labs/Lab5/index.php(61): PDOStatement->execute(Array)
#1 /home/ubuntu/workspace/cst336/Labs/Lab5/index.php(110): displaySearchResults()
#2 {main}
  thrown in /home/ubuntu/workspace/cst336/Labs/Lab5/index.php on line 61
[14-Nov-2018 19:22:26 UTC] PHP Fatal error:  Uncaught exception 'PDOException' with message 'SQLSTATE[HY000] [1044] Access denied for user 'ba015ab516ccf5'@'%' to database 'ottermart'' in /home/ubuntu/workspace/cst336/Labs/Lab5/dbConnection.php:9
Stack trace:
#0 /home/ubuntu/workspace/cst336/Labs/Lab5/dbConnection.php(9): PDO->__construct('mysql:host=us-c...', 'ba015ab516ccf5', 'b2c23509')
#1 /home/ubuntu/workspace/cst336/Labs/Lab5/index.php(4): getDatabaseConnection('ottermart')
#2 {main}
  thrown in /home/ubuntu/workspace/cst336/Labs/Lab5/dbConnection.php on line 9
[14-Nov-2018 19:24:17 UTC] PHP Fatal error:  Uncaught exception 'PDOException' with message 'SQLSTATE[HY000] [1044] Access denied for user 'ba015ab516ccf5'@'%' to database 'ottermart'' in /home/ubuntu/workspace/cst336/Labs/Lab5/dbConnection.php:10
Stack trace:
#0 /home/ubuntu/workspace/cst336/Labs/Lab5/dbConnection.php(10): PDO->__construct('mysql:host=us-c...', 'ba015ab516ccf5', 'b2c23509')
#1 /home/ubuntu/workspace/cst336/Labs/Lab5/index.php(4): getDatabaseConnection('ottermart')
#2 {main}
  thrown in /home/ubuntu/workspace/cst336/Labs/Lab5/dbConnection.php on line 10
[14-Nov-2018 19:37:45 UTC] PHP Fatal error:  Uncaught exception 'PDOException' with message 'SQLSTATE[HY093]: Invalid parameter number: number of bound variables does not match number of tokens' in /home/ubuntu/workspace/cst336/Labs/Lab5/index.php:67
Stack trace:
#0 /home/ubuntu/workspace/cst336/Labs/Lab5/index.php(67): PDOStatement->execute(Array)
#1 /home/ubuntu/workspace/cst336/Labs/Lab5/index.php(120): displaySearchResults()
#2 {main}
  thrown in /home/ubuntu/workspace/cst336/Labs/Lab5/index.php on line 67
[14-Nov-2018 19:42:30 UTC] PHP Fatal error:  Uncaught exception 'PDOException' with message 'SQLSTATE[HY093]: Invalid parameter number: number of bound variables does not match number of tokens' in /home/ubuntu/workspace/cst336/Labs/Lab5/index.php:67
Stack trace:
#0 /home/ubuntu/workspace/cst336/Labs/Lab5/index.php(67): PDOStatement->execute(Array)
#1 /home/ubuntu/workspace/cst336/Labs/Lab5/index.php(120): displaySearchResults()
#2 {main}
  thrown in /home/ubuntu/workspace/cst336/Labs/Lab5/index.php on line 67
[14-Nov-2018 19:45:16 UTC] PHP Fatal error:  Uncaught exception 'PDOException' with message 'SQLSTATE[HY093]: Invalid parameter number: number of bound variables does not match number of tokens' in /home/ubuntu/workspace/cst336/Labs/Lab5/index.php:67
Stack trace:
#0 /home/ubuntu/workspace/cst336/Labs/Lab5/index.php(67): PDOStatement->execute(Array)
#1 /home/ubuntu/workspace/cst336/Labs/Lab5/index.php(120): displaySearchResults()
#2 {main}
  thrown in /home/ubuntu/workspace/cst336/Labs/Lab5/index.php on line 67
[14-Nov-2018 19:47:15 UTC] PHP Fatal error:  Uncaught exception 'PDOException' with message 'SQLSTATE[HY093]: Invalid parameter number: number of bound variables does not match number of tokens' in /home/ubuntu/workspace/cst336/Labs/Lab5/index.php:60
Stack trace:
#0 /home/ubuntu/workspace/cst336/Labs/Lab5/index.php(60): PDOStatement->execute(Array)
#1 /home/ubuntu/workspace/cst336/Labs/Lab5/index.php(113): displaySearchResults()
#2 {main}
  thrown in /home/ubuntu/workspace/cst336/Labs/Lab5/index.php on line 60
[14-Nov-2018 19:48:29 UTC] PHP Fatal error:  Uncaught exception 'PDOException' with message 'SQLSTATE[HY093]: Invalid parameter number: number of bound variables does not match number of tokens' in /home/ubuntu/workspace/cst336/Labs/Lab5/index.php:61
Stack trace:
#0 /home/ubuntu/workspace/cst336/Labs/Lab5/index.php(61): PDOStatement->execute(Array)
#1 /home/ubuntu/workspace/cst336/Labs/Lab5/index.php(114): displaySearchResults()
#2 {main}
  thrown in /home/ubuntu/workspace/cst336/Labs/Lab5/index.php on line 61
[14-Nov-2018 19:55:28 UTC] PHP Fatal error:  Uncaught exception 'PDOException' with message 'SQLSTATE[HY093]: Invalid parameter number: number of bound variables does not match number of tokens' in /home/ubuntu/workspace/cst336/Labs/Lab5/index.php:61
Stack trace:
#0 /home/ubuntu/workspace/cst336/Labs/Lab5/index.php(61): PDOStatement->execute(Array)
#1 /home/ubuntu/workspace/cst336/Labs/Lab5/index.php(112): displaySearchResults()
#2 {main}
  thrown in /home/ubuntu/workspace/cst336/Labs/Lab5/index.php on line 61
[14-Nov-2018 19:57:54 UTC] PHP Fatal error:  Uncaught exception 'PDOException' with message 'SQLSTATE[HY093]: Invalid parameter number: number of bound variables does not match number of tokens' in /home/ubuntu/workspace/cst336/Labs/Lab5/index.php:61
Stack trace:
#0 /home/ubuntu/workspace/cst336/Labs/Lab5/index.php(61): PDOStatement->execute(Array)
#1 /home/ubuntu/workspace/cst336/Labs/Lab5/index.php(111): displaySearchResults()
#2 {main}
  thrown in /home/ubuntu/workspace/cst336/Labs/Lab5/index.php on line 61
[14-Nov-2018 20:02:48 UTC] PHP Fatal error:  Uncaught exception 'PDOException' with message 'SQLSTATE[HY093]: Invalid parameter number: number of bound variables does not match number of tokens' in /home/ubuntu/workspace/cst336/Labs/Lab5/index.php:61
Stack trace:
#0 /home/ubuntu/workspace/cst336/Labs/Lab5/index.php(61): PDOStatement->execute(Array)
#1 /home/ubuntu/workspace/cst336/Labs/Lab5/index.php(112): displaySearchResults()
#2 {main}
  thrown in /home/ubuntu/workspace/cst336/Labs/Lab5/index.php on line 61
[14-Nov-2018 20:03:01 UTC] PHP Fatal error:  Uncaught exception 'PDOException' with message 'SQLSTATE[HY093]: Invalid parameter number: number of bound variables does not match number of tokens' in /home/ubuntu/workspace/cst336/Labs/Lab5/index.php:61
Stack trace:
#0 /home/ubuntu/workspace/cst336/Labs/Lab5/index.php(61): PDOStatement->execute(Array)
#1 /home/ubuntu/workspace/cst336/Labs/Lab5/index.php(112): displaySearchResults()
#2 {main}
  thrown in /home/ubuntu/workspace/cst336/Labs/Lab5/index.php on line 61
[14-Nov-2018 20:06:30 UTC] PHP Fatal error:  Uncaught exception 'PDOException' with message 'SQLSTATE[HY093]: Invalid parameter number: number of bound variables does not match number of tokens' in /home/ubuntu/workspace/cst336/Labs/Lab5/index.php:61
Stack trace:
#0 /home/ubuntu/workspace/cst336/Labs/Lab5/index.php(61): PDOStatement->execute(Array)
#1 /home/ubuntu/workspace/cst336/Labs/Lab5/index.php(112): displaySearchResults()
#2 {main}
  thrown in /home/ubuntu/workspace/cst336/Labs/Lab5/index.php on line 61
[21-Nov-2018 00:08:26 UTC] PHP Warning:  include(../../dbConnection.php): failed to open stream: No such file or directory in /home/ubuntu/workspace/cst336/Labs/Lab6/loginProcess.php on line 3
[21-Nov-2018 00:08:26 UTC] PHP Stack trace:
[21-Nov-2018 00:08:26 UTC] PHP   1. {main}() /home/ubuntu/workspace/cst336/Labs/Lab6/loginProcess.php:0
[21-Nov-2018 00:08:26 UTC] PHP Warning:  include(): Failed opening '../../dbConnection.php' for inclusion (include_path='.:/usr/share/php:/usr/share/pear') in /home/ubuntu/workspace/cst336/Labs/Lab6/loginProcess.php on line 3
[21-Nov-2018 00:08:26 UTC] PHP Stack trace:
[21-Nov-2018 00:08:26 UTC] PHP   1. {main}() /home/ubuntu/workspace/cst336/Labs/Lab6/loginProcess.php:0
[21-Nov-2018 00:08:26 UTC] PHP Fatal error:  Call to undefined function getDatabaseConnection() in /home/ubuntu/workspace/cst336/Labs/Lab6/loginProcess.php on line 7
[21-Nov-2018 00:08:26 UTC] PHP Stack trace:
[21-Nov-2018 00:08:26 UTC] PHP   1. {main}() /home/ubuntu/workspace/cst336/Labs/Lab6/loginProcess.php:0
[21-Nov-2018 00:10:03 UTC] PHP Warning:  include(../../dbConnection.php): failed to open stream: No such file or directory in /home/ubuntu/workspace/cst336/Labs/Lab6/loginProcess.php on line 3
[21-Nov-2018 00:10:03 UTC] PHP Stack trace:
[21-Nov-2018 00:10:03 UTC] PHP   1. {main}() /home/ubuntu/workspace/cst336/Labs/Lab6/loginProcess.php:0
[21-Nov-2018 00:10:03 UTC] PHP Warning:  include(): Failed opening '../../dbConnection.php' for inclusion (include_path='.:/usr/share/php:/usr/share/pear') in /home/ubuntu/workspace/cst336/Labs/Lab6/loginProcess.php on line 3
[21-Nov-2018 00:10:03 UTC] PHP Stack trace:
[21-Nov-2018 00:10:03 UTC] PHP   1. {main}() /home/ubuntu/workspace/cst336/Labs/Lab6/loginProcess.php:0
[21-Nov-2018 00:10:03 UTC] PHP Fatal error:  Call to undefined function getDatabaseConnection() in /home/ubuntu/workspace/cst336/Labs/Lab6/loginProcess.php on line 7
[21-Nov-2018 00:10:03 UTC] PHP Stack trace:
[21-Nov-2018 00:10:03 UTC] PHP   1. {main}() /home/ubuntu/workspace/cst336/Labs/Lab6/loginProcess.php:0
[21-Nov-2018 00:11:01 UTC] PHP Warning:  include(../dbConnection.php): failed to open stream: No such file or directory in /home/ubuntu/workspace/cst336/Labs/Lab6/loginProcess.php on line 3
[21-Nov-2018 00:11:01 UTC] PHP Stack trace:
[21-Nov-2018 00:11:01 UTC] PHP   1. {main}() /home/ubuntu/workspace/cst336/Labs/Lab6/loginProcess.php:0
[21-Nov-2018 00:11:01 UTC] PHP Warning:  include(): Failed opening '../dbConnection.php' for inclusion (include_path='.:/usr/share/php:/usr/share/pear') in /home/ubuntu/workspace/cst336/Labs/Lab6/loginProcess.php on line 3
[21-Nov-2018 00:11:01 UTC] PHP Stack trace:
[21-Nov-2018 00:11:01 UTC] PHP   1. {main}() /home/ubuntu/workspace/cst336/Labs/Lab6/loginProcess.php:0
[21-Nov-2018 00:11:01 UTC] PHP Fatal error:  Call to undefined function getDatabaseConnection() in /home/ubuntu/workspace/cst336/Labs/Lab6/loginProcess.php on line 7
[21-Nov-2018 00:11:01 UTC] PHP Stack trace:
[21-Nov-2018 00:11:01 UTC] PHP   1. {main}() /home/ubuntu/workspace/cst336/Labs/Lab6/loginProcess.php:0
[21-Nov-2018 00:11:22 UTC] PHP Fatal error:  Call to undefined function getDatabaseConnection() in /home/ubuntu/workspace/cst336/Labs/Lab6/loginProcess.php on line 7
[21-Nov-2018 00:11:22 UTC] PHP Stack trace:
[21-Nov-2018 00:11:22 UTC] PHP   1. {main}() /home/ubuntu/workspace/cst336/Labs/Lab6/loginProcess.php:0
[21-Nov-2018 00:12:32 UTC] PHP Fatal error:  Call to undefined function getDatabaseConnection() in /home/ubuntu/workspace/cst336/Labs/Lab6/loginProcess.php on line 7
[21-Nov-2018 00:12:32 UTC] PHP Stack trace:
[21-Nov-2018 00:12:32 UTC] PHP   1. {main}() /home/ubuntu/workspace/cst336/Labs/Lab6/loginProcess.php:0
[21-Nov-2018 00:12:36 UTC] PHP Fatal error:  Call to undefined function getDatabaseConnection() in /home/ubuntu/workspace/cst336/Labs/Lab6/loginProcess.php on line 7
[21-Nov-2018 00:12:36 UTC] PHP Stack trace:
[21-Nov-2018 00:12:36 UTC] PHP   1. {main}() /home/ubuntu/workspace/cst336/Labs/Lab6/loginProcess.php:0
[21-Nov-2018 00:14:31 UTC] PHP Fatal error:  Call to undefined function getDatabaseConnection() in /home/ubuntu/workspace/cst336/Labs/Lab6/loginProcess.php on line 7
[21-Nov-2018 00:14:31 UTC] PHP Stack trace:
[21-Nov-2018 00:14:31 UTC] PHP   1. {main}() /home/ubuntu/workspace/cst336/Labs/Lab6/loginProcess.php:0
[21-Nov-2018 00:16:51 UTC] PHP Fatal error:  Call to undefined function getDatabaseConnection() in /home/ubuntu/workspace/cst336/Labs/Lab6/loginProcess.php on line 7
[21-Nov-2018 00:16:51 UTC] PHP Stack trace:
[21-Nov-2018 00:16:51 UTC] PHP   1. {main}() /home/ubuntu/workspace/cst336/Labs/Lab6/loginProcess.php:0
[21-Nov-2018 00:19:35 UTC] PHP Fatal error:  Call to undefined function getDatabaseConnection() in /home/ubuntu/workspace/cst336/Labs/Lab6/loginProcess.php on line 7
[21-Nov-2018 00:19:35 UTC] PHP Stack trace:
[21-Nov-2018 00:19:35 UTC] PHP   1. {main}() /home/ubuntu/workspace/cst336/Labs/Lab6/loginProcess.php:0
[21-Nov-2018 00:21:23 UTC] PHP Fatal error:  Call to undefined function getDatabaseConnection() in /home/ubuntu/workspace/cst336/Labs/Lab6/loginProcess.php on line 7
[21-Nov-2018 00:21:23 UTC] PHP Stack trace:
[21-Nov-2018 00:21:23 UTC] PHP   1. {main}() /home/ubuntu/workspace/cst336/Labs/Lab6/loginProcess.php:0
[21-Nov-2018 00:33:36 UTC] PHP Warning:  include(../inc/dbConnection.php): failed to open stream: No such file or directory in /home/ubuntu/workspace/cst336/Labs/Lab6/loginProcess.php on line 3
[21-Nov-2018 00:33:36 UTC] PHP Stack trace:
[21-Nov-2018 00:33:36 UTC] PHP   1. {main}() /home/ubuntu/workspace/cst336/Labs/Lab6/loginProcess.php:0
[21-Nov-2018 00:33:36 UTC] PHP Warning:  include(): Failed opening '../inc/dbConnection.php' for inclusion (include_path='.:/usr/share/php:/usr/share/pear') in /home/ubuntu/workspace/cst336/Labs/Lab6/loginProcess.php on line 3
[21-Nov-2018 00:33:36 UTC] PHP Stack trace:
[21-Nov-2018 00:33:36 UTC] PHP   1. {main}() /home/ubuntu/workspace/cst336/Labs/Lab6/loginProcess.php:0
[21-Nov-2018 00:33:36 UTC] PHP Fatal error:  Call to undefined function getDatabaseConnection() in /home/ubuntu/workspace/cst336/Labs/Lab6/loginProcess.php on line 7
[21-Nov-2018 00:33:36 UTC] PHP Stack trace:
[21-Nov-2018 00:33:36 UTC] PHP   1. {main}() /home/ubuntu/workspace/cst336/Labs/Lab6/loginProcess.php:0
[21-Nov-2018 00:34:09 UTC] PHP Warning:  include(../../inc/dbConnection.php): failed to open stream: No such file or directory in /home/ubuntu/workspace/cst336/Labs/Lab6/loginProcess.php on line 3
[21-Nov-2018 00:34:09 UTC] PHP Stack trace:
[21-Nov-2018 00:34:09 UTC] PHP   1. {main}() /home/ubuntu/workspace/cst336/Labs/Lab6/loginProcess.php:0
[21-Nov-2018 00:34:09 UTC] PHP Warning:  include(): Failed opening '../../inc/dbConnection.php' for inclusion (include_path='.:/usr/share/php:/usr/share/pear') in /home/ubuntu/workspace/cst336/Labs/Lab6/loginProcess.php on line 3
[21-Nov-2018 00:34:09 UTC] PHP Stack trace:
[21-Nov-2018 00:34:09 UTC] PHP   1. {main}() /home/ubuntu/workspace/cst336/Labs/Lab6/loginProcess.php:0
[21-Nov-2018 00:34:09 UTC] PHP Fatal error:  Call to undefined function getDatabaseConnection() in /home/ubuntu/workspace/cst336/Labs/Lab6/loginProcess.php on line 7
[21-Nov-2018 00:34:09 UTC] PHP Stack trace:
[21-Nov-2018 00:34:09 UTC] PHP   1. {main}() /home/ubuntu/workspace/cst336/Labs/Lab6/loginProcess.php:0
[21-Nov-2018 00:39:55 UTC] PHP Fatal error:  Call to undefined function getDatabaseConnection() in /home/ubuntu/workspace/cst336/Labs/Lab6/loginProcess.php on line 7
[21-Nov-2018 00:39:55 UTC] PHP Stack trace:
[21-Nov-2018 00:39:55 UTC] PHP   1. {main}() /home/ubuntu/workspace/cst336/Labs/Lab6/loginProcess.php:0
[21-Nov-2018 00:40:31 UTC] PHP Fatal error:  Call to undefined function getDatabaseConnection() in /home/ubuntu/workspace/cst336/Labs/Lab6/loginProcess.php on line 7
[21-Nov-2018 00:40:31 UTC] PHP Stack trace:
[21-Nov-2018 00:40:31 UTC] PHP   1. {main}() /home/ubuntu/workspace/cst336/Labs/Lab6/loginProcess.php:0
[21-Nov-2018 00:42:32 UTC] PHP Fatal error:  Call to undefined function getDatabaseConnection() in /home/ubuntu/workspace/cst336/Labs/Lab6/loginProcess.php on line 7
[21-Nov-2018 00:42:32 UTC] PHP Stack trace:
[21-Nov-2018 00:42:32 UTC] PHP   1. {main}() /home/ubuntu/workspace/cst336/Labs/Lab6/loginProcess.php:0
[21-Nov-2018 00:43:18 UTC] PHP Fatal error:  Call to undefined function getDatabaseConnection() in /home/ubuntu/workspace/cst336/Labs/Lab6/loginProcess.php on line 7
[21-Nov-2018 00:43:18 UTC] PHP Stack trace:
[21-Nov-2018 00:43:18 UTC] PHP   1. {main}() /home/ubuntu/workspace/cst336/Labs/Lab6/loginProcess.php:0
[21-Nov-2018 00:44:19 UTC] PHP Fatal error:  Call to undefined function getDatabaseConnection() in /home/ubuntu/workspace/cst336/Labs/Lab6/loginProcess.php on line 7
[21-Nov-2018 00:44:19 UTC] PHP Stack trace:
[21-Nov-2018 00:44:19 UTC] PHP   1. {main}() /home/ubuntu/workspace/cst336/Labs/Lab6/loginProcess.php:0
[21-Nov-2018 00:53:15 UTC] PHP Fatal error:  Call to undefined function getDatabaseConnection() in /home/ubuntu/workspace/cst336/Labs/Lab6/loginProcess.php on line 5
[21-Nov-2018 00:53:15 UTC] PHP Stack trace:
[21-Nov-2018 00:53:15 UTC] PHP   1. {main}() /home/ubuntu/workspace/cst336/Labs/Lab6/loginProcess.php:0
[21-Nov-2018 04:44:20 UTC] PHP Fatal error:  Call to undefined function getCategories() in /home/ubuntu/workspace/cst336/Labs/Lab6/updateProduct.php on line 32
[21-Nov-2018 04:44:20 UTC] PHP Stack trace:
[21-Nov-2018 04:44:20 UTC] PHP   1. {main}() /home/ubuntu/workspace/cst336/Labs/Lab6/updateProduct.php:0
[21-Nov-2018 04:58:59 UTC] PHP Fatal error:  Call to undefined function getCategories() in /home/ubuntu/workspace/cst336/Labs/Lab6/updateProduct.php on line 56
[21-Nov-2018 04:58:59 UTC] PHP Stack trace:
[21-Nov-2018 04:58:59 UTC] PHP   1. {main}() /home/ubuntu/workspace/cst336/Labs/Lab6/updateProduct.php:0
[21-Nov-2018 04:59:55 UTC] PHP Fatal error:  Call to undefined function getCategories() in /home/ubuntu/workspace/cst336/Labs/Lab6/updateProduct.php on line 56
[21-Nov-2018 04:59:55 UTC] PHP Stack trace:
[21-Nov-2018 04:59:55 UTC] PHP   1. {main}() /home/ubuntu/workspace/cst336/Labs/Lab6/updateProduct.php:0
[21-Nov-2018 05:01:45 UTC] PHP Fatal error:  Call to undefined function getCategories() in /home/ubuntu/workspace/cst336/Labs/Lab6/updateProduct.php on line 56
[21-Nov-2018 05:01:45 UTC] PHP Stack trace:
[21-Nov-2018 05:01:45 UTC] PHP   1. {main}() /home/ubuntu/workspace/cst336/Labs/Lab6/updateProduct.php:0
[21-Nov-2018 06:05:29 UTC] PHP Fatal error:  Call to a member function prepare() on a non-object in /home/ubuntu/workspace/cst336/Labs/Lab6/updateProduct.php on line 31
[21-Nov-2018 06:05:29 UTC] PHP Stack trace:
[21-Nov-2018 06:05:29 UTC] PHP   1. {main}() /home/ubuntu/workspace/cst336/Labs/Lab6/updateProduct.php:0
[21-Nov-2018 06:05:29 UTC] PHP   2. getCategories() /home/ubuntu/workspace/cst336/Labs/Lab6/updateProduct.php:82
[21-Nov-2018 06:06:00 UTC] PHP Fatal error:  Call to a member function prepare() on a non-object in /home/ubuntu/workspace/cst336/Labs/Lab6/updateProduct.php on line 31
[21-Nov-2018 06:06:00 UTC] PHP Stack trace:
[21-Nov-2018 06:06:00 UTC] PHP   1. {main}() /home/ubuntu/workspace/cst336/Labs/Lab6/updateProduct.php:0
[21-Nov-2018 06:06:00 UTC] PHP   2. getCategories() /home/ubuntu/workspace/cst336/Labs/Lab6/updateProduct.php:82
[21-Nov-2018 06:07:23 UTC] PHP Fatal error:  Call to a member function prepare() on a non-object in /home/ubuntu/workspace/cst336/Labs/Lab6/deleteProduct.php on line 9
[21-Nov-2018 06:07:23 UTC] PHP Stack trace:
[21-Nov-2018 06:07:23 UTC] PHP   1. {main}() /home/ubuntu/workspace/cst336/Labs/Lab6/deleteProduct.php:0
[21-Nov-2018 06:07:58 UTC] PHP Fatal error:  Call to a member function prepare() on a non-object in /home/ubuntu/workspace/cst336/Labs/Lab6/deleteProduct.php on line 9
[21-Nov-2018 06:07:58 UTC] PHP Stack trace:
[21-Nov-2018 06:07:58 UTC] PHP   1. {main}() /home/ubuntu/workspace/cst336/Labs/Lab6/deleteProduct.php:0
[21-Nov-2018 06:10:28 UTC] PHP Fatal error:  Call to a member function prepare() on a non-object in /home/ubuntu/workspace/cst336/Labs/Lab6/admin.php on line 11
[21-Nov-2018 06:10:28 UTC] PHP Stack trace:
[21-Nov-2018 06:10:28 UTC] PHP   1. {main}() /home/ubuntu/workspace/cst336/Labs/Lab6/admin.php:0
[21-Nov-2018 06:10:28 UTC] PHP   2. displayAllProducts() /home/ubuntu/workspace/cst336/Labs/Lab6/admin.php:44
[21-Nov-2018 06:19:38 UTC] PHP Fatal error:  Call to a member function prepare() on a non-object in /home/ubuntu/workspace/cst336/Labs/Lab6/admin.php on line 11
[21-Nov-2018 06:19:38 UTC] PHP Stack trace:
[21-Nov-2018 06:19:38 UTC] PHP   1. {main}() /home/ubuntu/workspace/cst336/Labs/Lab6/admin.php:0
[21-Nov-2018 06:19:38 UTC] PHP   2. displayAllProducts() /home/ubuntu/workspace/cst336/Labs/Lab6/admin.php:44
[21-Nov-2018 06:19:51 UTC] PHP Fatal error:  Call to a member function prepare() on a non-object in /home/ubuntu/workspace/cst336/Labs/Lab6/admin.php on line 11
[21-Nov-2018 06:19:51 UTC] PHP Stack trace:
[21-Nov-2018 06:19:51 UTC] PHP   1. {main}() /home/ubuntu/workspace/cst336/Labs/Lab6/admin.php:0
[21-Nov-2018 06:19:51 UTC] PHP   2. displayAllProducts() /home/ubuntu/workspace/cst336/Labs/Lab6/admin.php:44
[21-Nov-2018 06:21:59 UTC] PHP Fatal error:  Call to a member function prepare() on a non-object in /home/ubuntu/workspace/cst336/Labs/Lab6/admin.php on line 11
[21-Nov-2018 06:21:59 UTC] PHP Stack trace:
[21-Nov-2018 06:21:59 UTC] PHP   1. {main}() /home/ubuntu/workspace/cst336/Labs/Lab6/admin.php:0
[21-Nov-2018 06:21:59 UTC] PHP   2. displayAllProducts() /home/ubuntu/workspace/cst336/Labs/Lab6/admin.php:43
[21-Nov-2018 06:22:03 UTC] PHP Fatal error:  Call to a member function prepare() on a non-object in /home/ubuntu/workspace/cst336/Labs/Lab6/admin.php on line 11
[21-Nov-2018 06:22:03 UTC] PHP Stack trace:
[21-Nov-2018 06:22:03 UTC] PHP   1. {main}() /home/ubuntu/workspace/cst336/Labs/Lab6/admin.php:0
[21-Nov-2018 06:22:03 UTC] PHP   2. displayAllProducts() /home/ubuntu/workspace/cst336/Labs/Lab6/admin.php:43
[21-Nov-2018 06:22:04 UTC] PHP Fatal error:  Call to a member function prepare() on a non-object in /home/ubuntu/workspace/cst336/Labs/Lab6/admin.php on line 11
[21-Nov-2018 06:22:04 UTC] PHP Stack trace:
[21-Nov-2018 06:22:04 UTC] PHP   1. {main}() /home/ubuntu/workspace/cst336/Labs/Lab6/admin.php:0
[21-Nov-2018 06:22:04 UTC] PHP   2. displayAllProducts() /home/ubuntu/workspace/cst336/Labs/Lab6/admin.php:43
[21-Nov-2018 06:22:05 UTC] PHP Fatal error:  Call to a member function prepare() on a non-object in /home/ubuntu/workspace/cst336/Labs/Lab6/admin.php on line 11
[21-Nov-2018 06:22:05 UTC] PHP Stack trace:
[21-Nov-2018 06:22:05 UTC] PHP   1. {main}() /home/ubuntu/workspace/cst336/Labs/Lab6/admin.php:0
[21-Nov-2018 06:22:05 UTC] PHP   2. displayAllProducts() /home/ubuntu/workspace/cst336/Labs/Lab6/admin.php:43
[21-Nov-2018 06:22:45 UTC] PHP Fatal error:  Call to a member function prepare() on a non-object in /home/ubuntu/workspace/cst336/Labs/Lab6/admin.php on line 12
[21-Nov-2018 06:22:45 UTC] PHP Stack trace:
[21-Nov-2018 06:22:45 UTC] PHP   1. {main}() /home/ubuntu/workspace/cst336/Labs/Lab6/admin.php:0
[21-Nov-2018 06:22:45 UTC] PHP   2. displayAllProducts() /home/ubuntu/workspace/cst336/Labs/Lab6/admin.php:44
[21-Nov-2018 06:22:54 UTC] PHP Fatal error:  Call to a member function prepare() on a non-object in /home/ubuntu/workspace/cst336/Labs/Lab6/admin.php on line 12
[21-Nov-2018 06:22:54 UTC] PHP Stack trace:
[21-Nov-2018 06:22:54 UTC] PHP   1. {main}() /home/ubuntu/workspace/cst336/Labs/Lab6/admin.php:0
[21-Nov-2018 06:22:54 UTC] PHP   2. displayAllProducts() /home/ubuntu/workspace/cst336/Labs/Lab6/admin.php:44
[21-Nov-2018 06:23:20 UTC] PHP Fatal error:  Call to a member function prepare() on a non-object in /home/ubuntu/workspace/cst336/Labs/Lab6/admin.php on line 12
[21-Nov-2018 06:23:20 UTC] PHP Stack trace:
[21-Nov-2018 06:23:20 UTC] PHP   1. {main}() /home/ubuntu/workspace/cst336/Labs/Lab6/admin.php:0
[21-Nov-2018 06:23:20 UTC] PHP   2. displayAllProducts() /home/ubuntu/workspace/cst336/Labs/Lab6/admin.php:44
[21-Nov-2018 06:23:22 UTC] PHP Fatal error:  Call to a member function prepare() on a non-object in /home/ubuntu/workspace/cst336/Labs/Lab6/admin.php on line 12
[21-Nov-2018 06:23:22 UTC] PHP Stack trace:
[21-Nov-2018 06:23:22 UTC] PHP   1. {main}() /home/ubuntu/workspace/cst336/Labs/Lab6/admin.php:0
[21-Nov-2018 06:23:22 UTC] PHP   2. displayAllProducts() /home/ubuntu/workspace/cst336/Labs/Lab6/admin.php:44
[21-Nov-2018 06:28:12 UTC] PHP Fatal error:  Uncaught exception 'PDOException' with message 'SQLSTATE[42000]: Syntax error or access violation: 1064 You have an error in your SQL syntax; check the manual that corresponds to your MySQL server version for the right syntax to use near '' at line 3' in /home/ubuntu/workspace/cst336/Labs/Lab6/addProduct.php:41
Stack trace:
#0 /home/ubuntu/workspace/cst336/Labs/Lab6/addProduct.php(41): PDOStatement->execute(Array)
#1 {main}
  thrown in /home/ubuntu/workspace/cst336/Labs/Lab6/addProduct.php on line 41
[21-Nov-2018 06:31:55 UTC] PHP Fatal error:  Uncaught exception 'PDOException' with message 'SQLSTATE[23000]: Integrity constraint violation: 1048 Column 'productDescription' cannot be null' in /home/ubuntu/workspace/cst336/Labs/Lab6/addProduct.php:44
Stack trace:
#0 /home/ubuntu/workspace/cst336/Labs/Lab6/addProduct.php(44): PDOStatement->execute(Array)
#1 {main}
  thrown in /home/ubuntu/workspace/cst336/Labs/Lab6/addProduct.php on line 44
[21-Nov-2018 06:33:23 UTC] PHP Fatal error:  Call to a member function prepare() on a non-object in /home/ubuntu/workspace/cst336/Labs/Lab6/deleteProduct.php on line 9
[21-Nov-2018 06:33:23 UTC] PHP Stack trace:
[21-Nov-2018 06:33:23 UTC] PHP   1. {main}() /home/ubuntu/workspace/cst336/Labs/Lab6/deleteProduct.php:0
[21-Nov-2018 07:00:57 UTC] PHP Fatal error:  Call to a member function prepare() on a non-object in /home/ubuntu/workspace/cst336/Labs/Lab6/updateProduct.php on line 16
[21-Nov-2018 07:00:57 UTC] PHP Stack trace:
[21-Nov-2018 07:00:57 UTC] PHP   1. {main}() /home/ubuntu/workspace/cst336/Labs/Lab6/updateProduct.php:0
[21-Nov-2018 07:00:57 UTC] PHP   2. getProductInfo() /home/ubuntu/workspace/cst336/Labs/Lab6/updateProduct.php:5
[21-Nov-2018 07:03:31 UTC] PHP Fatal error:  Call to a member function prepare() on a non-object in /home/ubuntu/workspace/cst336/Labs/Lab6/updateProduct.php on line 16
[21-Nov-2018 07:03:31 UTC] PHP Stack trace:
[21-Nov-2018 07:03:31 UTC] PHP   1. {main}() /home/ubuntu/workspace/cst336/Labs/Lab6/updateProduct.php:0
[21-Nov-2018 07:03:31 UTC] PHP   2. getProductInfo() /home/ubuntu/workspace/cst336/Labs/Lab6/updateProduct.php:5
[21-Nov-2018 07:04:04 UTC] PHP Fatal error:  Call to a member function prepare() on a non-object in /home/ubuntu/workspace/cst336/Labs/Lab6/updateProduct.php on line 17
[21-Nov-2018 07:04:04 UTC] PHP Stack trace:
[21-Nov-2018 07:04:04 UTC] PHP   1. {main}() /home/ubuntu/workspace/cst336/Labs/Lab6/updateProduct.php:0
[21-Nov-2018 07:04:04 UTC] PHP   2. getProductInfo() /home/ubuntu/workspace/cst336/Labs/Lab6/updateProduct.php:6
[21-Nov-2018 07:04:09 UTC] PHP Fatal error:  Call to a member function prepare() on a non-object in /home/ubuntu/workspace/cst336/Labs/Lab6/updateProduct.php on line 17
[21-Nov-2018 07:04:09 UTC] PHP Stack trace:
[21-Nov-2018 07:04:09 UTC] PHP   1. {main}() /home/ubuntu/workspace/cst336/Labs/Lab6/updateProduct.php:0
[21-Nov-2018 07:04:09 UTC] PHP   2. getProductInfo() /home/ubuntu/workspace/cst336/Labs/Lab6/updateProduct.php:6
[21-Nov-2018 07:04:11 UTC] PHP Fatal error:  Call to a member function prepare() on a non-object in /home/ubuntu/workspace/cst336/Labs/Lab6/updateProduct.php on line 17
[21-Nov-2018 07:04:11 UTC] PHP Stack trace:
[21-Nov-2018 07:04:11 UTC] PHP   1. {main}() /home/ubuntu/workspace/cst336/Labs/Lab6/updateProduct.php:0
[21-Nov-2018 07:04:11 UTC] PHP   2. getProductInfo() /home/ubuntu/workspace/cst336/Labs/Lab6/updateProduct.php:6
[21-Nov-2018 07:04:55 UTC] PHP Fatal error:  Call to a member function prepare() on a non-object in /home/ubuntu/workspace/cst336/Labs/Lab6/updateProduct.php on line 17
[21-Nov-2018 07:04:55 UTC] PHP Stack trace:
[21-Nov-2018 07:04:55 UTC] PHP   1. {main}() /home/ubuntu/workspace/cst336/Labs/Lab6/updateProduct.php:0
[21-Nov-2018 07:04:55 UTC] PHP   2. getProductInfo() /home/ubuntu/workspace/cst336/Labs/Lab6/updateProduct.php:6
[21-Nov-2018 07:05:33 UTC] PHP Fatal error:  Call to a member function prepare() on a non-object in /home/ubuntu/workspace/cst336/Labs/Lab6/updateProduct.php on line 17
[21-Nov-2018 07:05:33 UTC] PHP Stack trace:
[21-Nov-2018 07:05:33 UTC] PHP   1. {main}() /home/ubuntu/workspace/cst336/Labs/Lab6/updateProduct.php:0
[21-Nov-2018 07:05:33 UTC] PHP   2. getProductInfo() /home/ubuntu/workspace/cst336/Labs/Lab6/updateProduct.php:6
[21-Nov-2018 07:07:19 UTC] PHP Fatal error:  Call to a member function prepare() on a non-object in /home/ubuntu/workspace/cst336/Labs/Lab6/updateProduct.php on line 60
[21-Nov-2018 07:07:19 UTC] PHP Stack trace:
[21-Nov-2018 07:07:19 UTC] PHP   1. {main}() /home/ubuntu/workspace/cst336/Labs/Lab6/updateProduct.php:0
[21-Nov-2018 07:07:36 UTC] PHP Fatal error:  Uncaught exception 'PDOException' with message 'SQLSTATE[HY093]: Invalid parameter number: parameter was not defined' in /home/ubuntu/workspace/cst336/Labs/Lab6/updateProduct.php:61
Stack trace:
#0 /home/ubuntu/workspace/cst336/Labs/Lab6/updateProduct.php(61): PDOStatement->execute(Array)
#1 {main}
  thrown in /home/ubuntu/workspace/cst336/Labs/Lab6/updateProduct.php on line 61
[03-Dec-2018 04:18:16 UTC] PHP Parse error:  syntax error, unexpected '(', expecting variable (T_VARIABLE) or '$' in /home/ubuntu/workspace/cst336/Labs/Lab8/logout.php on line 2
[03-Dec-2018 04:26:37 UTC] PHP Parse error:  syntax error, unexpected '(', expecting variable (T_VARIABLE) or '$' in /home/ubuntu/workspace/cst336/Labs/Lab8/logout.php on line 2
[03-Dec-2018 04:30:33 UTC] PHP Parse error:  syntax error, unexpected '(', expecting variable (T_VARIABLE) or '$' in /home/ubuntu/workspace/cst336/Labs/Lab8/logout.php on line 4
[03-Dec-2018 04:31:05 UTC] PHP Parse error:  syntax error, unexpected '(', expecting variable (T_VARIABLE) or '$' in /home/ubuntu/workspace/cst336/Labs/Lab8/logout.php on line 4
